<?xml version="1.0" encoding="UTF-8"?>
<!-- Generated by org.testng.reporters.JUnitReportReporter -->
<testsuite hostname="DESKTOP-0G4H1SI" failures="0" tests="1" name="cucumber.TestRunner" time="9.031" errors="0" timestamp="2025-05-09T12:10:09 AEST" skipped="0">
  <testcase classname="cucumber.TestRunner" name="runScenario" time="9.031"/>
</testsuite> <!-- cucumber.TestRunner -->
