<?xml version="1.0" encoding="UTF-8"?>
<!-- Generated by org.testng.reporters.JUnitReportReporter -->
<testsuite hostname="DESKTOP-0G4H1SI" failures="0" tests="1" name="MadhuTestingWorld.ExtentReports.LoginTest" time="24.170" errors="0" timestamp="2025-05-13T11:30:05 AEST" skipped="0">
  <testcase classname="MadhuTestingWorld.ExtentReports.LoginTest" name="testValidLogin" time="24.170"/>
  <system-out/>
</testsuite> <!-- MadhuTestingWorld.ExtentReports.LoginTest -->
